

<!DOCTYPE html>
<html>
<head>
<meta charset="UTF-8">
<meta name="viewport" content="width=device-width, initial-scale=1, shrink-to-fit=no">
<title>PROJECT_NAME - ALL</title>
<link rel="apple-touch-icon" href="https://cdn.jsdelivr.net/gh/extent-framework/extent-github-cdn@b00a2d0486596e73dd7326beacf352c639623a0e/commons/img/logo.png">
<link rel="shortcut icon" href="https://cdn.jsdelivr.net/gh/extent-framework/extent-github-cdn@b00a2d0486596e73dd7326beacf352c639623a0e/commons/img/logo.png">
<link href="https://cdn.jsdelivr.net/gh/extent-framework/extent-github-cdn@d6562a79075e061305ccfdb82f01e5e195e2d307/spark/css/spark-style.css" rel="stylesheet" />
<link href="https://stackpath.bootstrapcdn.com/font-awesome/4.7.0/css/font-awesome.min.css" rel="stylesheet">
<script src="https://cdn.jsdelivr.net/gh/extent-framework/extent-github-cdn@7cc78ce/spark/js/jsontree.js"></script>
<style type="text/css"></style></head><body class="spa -report standard">
  <div class="app">
    <div class="layout">
<div class="header navbar">
<div class="vheader">
<div class="nav-logo">
<a href="#">
<div class="logo" style="background-image: url('https://cdn.jsdelivr.net/gh/extent-framework/extent-github-cdn@b00a2d0486596e73dd7326beacf352c639623a0e/commons/img/logo.png')"></div>
</a>
</div>
<ul class="nav-left">
<li class="search-box">
<a class="search-toggle" href="#">
<i class="search-icon fa fa-search"></i>
<i class="search-icon-close fa fa-close"></i>
</a>
</li>
<li class="search-input"><input id="search-tests" class="form-control" type="text" placeholder="Search..."></li>
</ul>
<ul class="nav-right">
<li class="m-r-10">
<a href="#"><span class="badge badge-primary">PROJECT_NAME - ALL</span></a>
</li>
<li class="m-r-10">
<a href="#"><span class="badge badge-primary">Feb 11, 2023 03:25:11 pm</span></a>
</li>
</ul>
</div>
</div><div class="side-nav">
<div class="side-nav-inner">
<ul class="side-nav-menu">
<li class="nav-item dropdown" onclick="toggleView('test-view')">
<a id="nav-test" class="dropdown-toggle" href="#">
<span class="ico"><i class="fa fa-list"></i></span>
</a>
</li>
<li class="nav-item dropdown" onclick="toggleView('dashboard-view')">
<a id="nav-dashboard" class="dropdown-toggle" href="#">
<span class="ico"><i class="fa fa-bar-chart"></i></span>
</a>
</li>
</ul>
</div>
</div>      <div class="vcontainer">
        <div class="main-content">
<div class="test-wrapper row view test-view">
  <div class="test-list">
    <div class="test-list-tools">
<ul class="tools pull-left">
<li><a href="#"><span class="font-size-14">Tests</span></a></li>
</ul>
<ul class="tools text-right">
<li class="dropdown">
<a href="#" class="dropdown-toggle" data-toggle="dropdown"><i class="fa fa-exclamation-circle"></i></a>
<ul id="status-toggle" class="dropdown-menu dropdown-md p-v-0">
<a class="dropdown-item" status="fail" href="#"><span>Fail</span><span class="status danger"></span></a>
<div class="dropdown-divider"></div>
<a status="clear" class="dropdown-item" href="#"><span>Clear</span><span class="pull-right"><i class="fa fa-close"></i></span></a>
</ul>
</li>
</ul>
</div>    <div class="test-list-wrapper scrollable">
      <ul class="test-list-item">
        <li class="test-item"  status="fail" test-id="1"
          author=""
          tag=""
          device="">
          <div class="test-detail">
            <p class="name">homePageTest</p>
            <p class="text-sm">
              <span>3:26:15 pm</span> / <span>00:00:19:865</span>
              <span class="badge fail-bg log float-right">Fail</span>
            </p>
          </div>
          <div class="test-contents d-none">
<div class="detail-head">
<div class="p-v-10">
<div class="info">
<h5 class="test-status text-fail">homePageTest</h5>
<span class='badge badge-success'>02.11.2023 3:26:15 pm</span>
<span class='badge badge-danger'>02.11.2023 3:26:35 pm</span>
<span class='badge badge-default'>00:00:19:865</span>
&middot; <span class='uri-anchor badge badge-default'>#test-id=1</span>
<span class='badge badge-default pointer float-right ml-1 et'><i class="fa fa-chevron-down"></i></span>
<span class='badge badge-default pointer float-right ct'><i class="fa fa-chevron-up"></i></span>
</div>
</div>
</div><div class="detail-body mt-4">
<table class="table table-sm">
  <thead><tr><th class="status-col">Status</th><th class="timestamp-col">Timestamp</th><th class="details-col">Details</th></tr></thead>
  <tbody>
      <tr class="event-row">
        <td><span class="badge log pass-bg">Pass</span></td>
        <td>3:26:33 pm</td>
        <td>
          <b><i>Search Page Is Not Opened.</b></i>
        </td>
      </tr>
      <tr class="event-row">
        <td><span class="badge log fail-bg">Fail</span></td>
        <td>3:26:35 pm</td>
        <td>
          <i class='fa fa-bug' ></i>  <b><i>org.openqa.selenium.NoSuchWindowException: no such window: target window already closed
from unknown error: web view not found
  (Session info: chrome=109.0.5414.120)
Build info: version: '4.7.1', revision: 'c6795baf1a3'
System info: os.name: 'Windows 10', os.arch: 'amd64', os.version: '10.0', java.version: '17.0.5'
Driver info: org.openqa.selenium.chrome.ChromeDriver
Command: [66bb07193141b236f1b319bbb9810e82, findElement {using=name, value=q}]
Capabilities {acceptInsecureCerts: false, browserName: chrome, browserVersion: 109.0.5414.120, chrome: {chromedriverVersion: 108.0.5359.71 (1e0e3868ee06..., userDataDir: C:\Users\ABC\AppData\Local\...}, goog:chromeOptions: {debuggerAddress: localhost:52399}, networkConnectionEnabled: false, pageLoadStrategy: normal, platformName: WINDOWS, proxy: Proxy(), se:cdp: ws://localhost:52399/devtoo..., se:cdpVersion: 109.0.5414.120, setWindowRect: true, strictFileInteractability: false, timeouts: {implicit: 10000, pageLoad: 300000, script: 30000}, unhandledPromptBehavior: accept, webauthn:extension:credBlob: true, webauthn:extension:largeBlob: true, webauthn:virtualAuthenticators: true}
Session ID: 66bb07193141b236f1b319bbb9810e82</i></b>
        </td>
      </tr>
      <tr class="event-row">
        <td><span class="badge log fail-bg">Fail</span></td>
        <td>3:26:35 pm</td>
        <td>
          <details><summary><b><font color=red> Exception occured, click to see details: <i class='fa fa-frown-o' style='font-size:24px'></i> </font></b></summary>[java.base/jdk.internal.reflect.NativeConstructorAccessorImpl.newInstance0(Native Method)<br> java.base/jdk.internal.reflect.NativeConstructorAccessorImpl.newInstance(NativeConstructorAccessorImpl.java:77)<br> java.base/jdk.internal.reflect.DelegatingConstructorAccessorImpl.newInstance(DelegatingConstructorAccessorImpl.java:45)<br> java.base/java.lang.reflect.Constructor.newInstanceWithCaller(Constructor.java:499)<br> java.base/java.lang.reflect.Constructor.newInstance(Constructor.java:480)<br> org.openqa.selenium.remote.codec.w3c.W3CHttpResponseCodec.createException(W3CHttpResponseCodec.java:200)<br> org.openqa.selenium.remote.codec.w3c.W3CHttpResponseCodec.decode(W3CHttpResponseCodec.java:133)<br> org.openqa.selenium.remote.codec.w3c.W3CHttpResponseCodec.decode(W3CHttpResponseCodec.java:53)<br> org.openqa.selenium.remote.HttpCommandExecutor.execute(HttpCommandExecutor.java:184)<br> org.openqa.selenium.remote.service.DriverCommandExecutor.invokeExecute(DriverCommandExecutor.java:167)<br> org.openqa.selenium.remote.service.DriverCommandExecutor.execute(DriverCommandExecutor.java:142)<br> org.openqa.selenium.remote.RemoteWebDriver.execute(RemoteWebDriver.java:551)<br> org.openqa.selenium.remote.ElementLocation$ElementFinder$2.findElement(ElementLocation.java:162)<br> org.openqa.selenium.remote.ElementLocation.findElement(ElementLocation.java:60)<br> org.openqa.selenium.remote.RemoteWebDriver.findElement(RemoteWebDriver.java:367)<br> org.openqa.selenium.remote.RemoteWebDriver.findElement(RemoteWebDriver.java:359)<br> org.openqa.selenium.support.pagefactory.DefaultElementLocator.findElement(DefaultElementLocator.java:70)<br> org.openqa.selenium.support.pagefactory.internal.LocatingElementHandler.invoke(LocatingElementHandler.java:39)<br> jdk.proxy2/jdk.proxy2.$Proxy31.sendKeys(Unknown Source)<br> org.example.pages.GooglePage.performSearch(GooglePage.java:39)<br> org.example.tests.GoogleTest.homePageTest(GoogleTest.java:23)<br> java.base/jdk.internal.reflect.NativeMethodAccessorImpl.invoke0(Native Method)<br> java.base/jdk.internal.reflect.NativeMethodAccessorImpl.invoke(NativeMethodAccessorImpl.java:77)<br> java.base/jdk.internal.reflect.DelegatingMethodAccessorImpl.invoke(DelegatingMethodAccessorImpl.java:43)<br> java.base/java.lang.reflect.Method.invoke(Method.java:568)<br> org.testng.internal.invokers.MethodInvocationHelper.invokeMethod(MethodInvocationHelper.java:139)<br> org.testng.internal.invokers.TestInvoker.invokeMethod(TestInvoker.java:677)<br> org.testng.internal.invokers.TestInvoker.invokeTestMethod(TestInvoker.java:221)<br> org.testng.internal.invokers.MethodRunner.runInSequence(MethodRunner.java:50)<br> org.testng.internal.invokers.TestInvoker$MethodInvocationAgent.invoke(TestInvoker.java:969)<br> org.testng.internal.invokers.TestInvoker.invokeTestMethods(TestInvoker.java:194)<br> org.testng.internal.invokers.TestMethodWorker.invokeTestMethods(TestMethodWorker.java:148)<br> org.testng.internal.invokers.TestMethodWorker.run(TestMethodWorker.java:128)<br> java.base/java.util.ArrayList.forEach(ArrayList.java:1511)<br> org.testng.TestRunner.privateRun(TestRunner.java:829)<br> org.testng.TestRunner.run(TestRunner.java:602)<br> org.testng.SuiteRunner.runTest(SuiteRunner.java:437)<br> org.testng.SuiteRunner$SuiteWorker.run(SuiteRunner.java:475)<br> org.testng.internal.thread.ThreadUtil.lambda$execute$0(ThreadUtil.java:58)<br> java.base/java.util.concurrent.FutureTask.run(FutureTask.java:264)<br> java.base/java.util.concurrent.ThreadPoolExecutor.runWorker(ThreadPoolExecutor.java:1136)<br> java.base/java.util.concurrent.ThreadPoolExecutor$Worker.run(ThreadPoolExecutor.java:635)<br> java.base/java.lang.Thread.run(Thread.java:833)]</details> 

        </td>
      </tr>
      <tr class="event-row">
        <td><span class="badge log fail-bg">Fail</span></td>
        <td>3:26:35 pm</td>
        <td>
          <i class='fa fa-bug' ></i>  <b><i>org.openqa.selenium.NoSuchWindowException: no such window: target window already closed
from unknown error: web view not found
  (Session info: chrome=109.0.5414.120)
Build info: version: '4.7.1', revision: 'c6795baf1a3'
System info: os.name: 'Windows 10', os.arch: 'amd64', os.version: '10.0', java.version: '17.0.5'
Driver info: org.openqa.selenium.chrome.ChromeDriver
Command: [66bb07193141b236f1b319bbb9810e82, screenshot {}]
Capabilities {acceptInsecureCerts: false, browserName: chrome, browserVersion: 109.0.5414.120, chrome: {chromedriverVersion: 108.0.5359.71 (1e0e3868ee06..., userDataDir: C:\Users\ABC\AppData\Local\...}, goog:chromeOptions: {debuggerAddress: localhost:52399}, networkConnectionEnabled: false, pageLoadStrategy: normal, platformName: WINDOWS, proxy: Proxy(), se:cdp: ws://localhost:52399/devtoo..., se:cdpVersion: 109.0.5414.120, setWindowRect: true, strictFileInteractability: false, timeouts: {implicit: 10000, pageLoad: 300000, script: 30000}, unhandledPromptBehavior: accept, webauthn:extension:credBlob: true, webauthn:extension:largeBlob: true, webauthn:virtualAuthenticators: true}
Session ID: 66bb07193141b236f1b319bbb9810e82</i></b>
        </td>
      </tr>
      <tr class="event-row">
        <td><span class="badge log fail-bg">Fail</span></td>
        <td>3:26:35 pm</td>
        <td>
          <details><summary><b><font color=red> Exception occured, click to see details: <i class='fa fa-frown-o' style='font-size:24px'></i> </font></b></summary>[java.base/jdk.internal.reflect.NativeConstructorAccessorImpl.newInstance0(Native Method)<br> java.base/jdk.internal.reflect.NativeConstructorAccessorImpl.newInstance(NativeConstructorAccessorImpl.java:77)<br> java.base/jdk.internal.reflect.DelegatingConstructorAccessorImpl.newInstance(DelegatingConstructorAccessorImpl.java:45)<br> java.base/java.lang.reflect.Constructor.newInstanceWithCaller(Constructor.java:499)<br> java.base/java.lang.reflect.Constructor.newInstance(Constructor.java:480)<br> org.openqa.selenium.remote.codec.w3c.W3CHttpResponseCodec.createException(W3CHttpResponseCodec.java:200)<br> org.openqa.selenium.remote.codec.w3c.W3CHttpResponseCodec.decode(W3CHttpResponseCodec.java:133)<br> org.openqa.selenium.remote.codec.w3c.W3CHttpResponseCodec.decode(W3CHttpResponseCodec.java:53)<br> org.openqa.selenium.remote.HttpCommandExecutor.execute(HttpCommandExecutor.java:184)<br> org.openqa.selenium.remote.service.DriverCommandExecutor.invokeExecute(DriverCommandExecutor.java:167)<br> org.openqa.selenium.remote.service.DriverCommandExecutor.execute(DriverCommandExecutor.java:142)<br> org.openqa.selenium.remote.RemoteWebDriver.execute(RemoteWebDriver.java:551)<br> org.openqa.selenium.remote.RemoteWebDriver.execute(RemoteWebDriver.java:606)<br> org.openqa.selenium.remote.RemoteWebDriver.execute(RemoteWebDriver.java:610)<br> org.openqa.selenium.remote.RemoteWebDriver.getScreenshotAs(RemoteWebDriver.java:333)<br> org.example.utils.ScreenshotUtils.getBase64Image(ScreenshotUtils.java:15)<br> org.example.reportings.ExtentLogger.fail(ExtentLogger.java:71)<br> org.example.listeners.ListenerClass.onTestFailure(ListenerClass.java:77)<br> org.testng.internal.TestListenerHelper.runTestListeners(TestListenerHelper.java:99)<br> org.testng.internal.invokers.TestInvoker.runTestResultListener(TestInvoker.java:277)<br> org.testng.internal.invokers.TestInvoker.invokeMethod(TestInvoker.java:764)<br> org.testng.internal.invokers.TestInvoker.invokeTestMethod(TestInvoker.java:221)<br> org.testng.internal.invokers.MethodRunner.runInSequence(MethodRunner.java:50)<br> org.testng.internal.invokers.TestInvoker$MethodInvocationAgent.invoke(TestInvoker.java:969)<br> org.testng.internal.invokers.TestInvoker.invokeTestMethods(TestInvoker.java:194)<br> org.testng.internal.invokers.TestMethodWorker.invokeTestMethods(TestMethodWorker.java:148)<br> org.testng.internal.invokers.TestMethodWorker.run(TestMethodWorker.java:128)<br> java.base/java.util.ArrayList.forEach(ArrayList.java:1511)<br> org.testng.TestRunner.privateRun(TestRunner.java:829)<br> org.testng.TestRunner.run(TestRunner.java:602)<br> org.testng.SuiteRunner.runTest(SuiteRunner.java:437)<br> org.testng.SuiteRunner$SuiteWorker.run(SuiteRunner.java:475)<br> org.testng.internal.thread.ThreadUtil.lambda$execute$0(ThreadUtil.java:58)<br> java.base/java.util.concurrent.FutureTask.run(FutureTask.java:264)<br> java.base/java.util.concurrent.ThreadPoolExecutor.runWorker(ThreadPoolExecutor.java:1136)<br> java.base/java.util.concurrent.ThreadPoolExecutor$Worker.run(ThreadPoolExecutor.java:635)<br> java.base/java.lang.Thread.run(Thread.java:833)]</details> 

        </td>
      </tr>
  </tbody>
</table>
</div>
          </div>
        </li>
      </ul>
    </div>
  </div>
<div class="test-content scrollable">
<div class="test-content-tools">
<ul><li><a class="back-to-test" href="#"><i class="fa fa-arrow-left"></i></a></li></ul>
</div>
<div class="test-content-detail"><div class="detail-body"></div></div>
</div></div>
<div class="container-fluid p-4 view dashboard-view">
<div class="row">
<div class="col-md-3">
<div class="card"><div class="card-body">
<p class="m-b-0">Started</p>
<h3>Feb 11, 2023 03:25:11 pm</h3>
</div></div>
</div>
<div class="col-md-3">
<div class="card"><div class="card-body">
<p class="m-b-0">Ended</p>
<h3>Feb 11, 2023 03:26:36 pm</h3>
</div></div>
</div>
<div class="col-md-3">
<div class="card"><div class="card-body">
<p class="m-b-0 text-pass">Tests Passed</p>
<h3>0</h3>
</div></div>
</div>
<div class="col-md-3">
<div class="card"><div class="card-body">
<p class="m-b-0 text-fail">Tests Failed</p>
<h3>1</h3>
</div></div>
</div>
</div>
<div class="row">
<div class="col-md-6">
<div class="card">
<div class="card-header">
<h6 class="card-title">Tests</h6>
</div>
<div class="card-body">
<div class="">
<canvas id='parent-analysis' width='115' height='90'></canvas>
</div>
</div>
<div class="card-footer">
<div><small data-tooltip='0%'>
<b>0</b> tests passed
</small>
</div>
<div>
<small data-tooltip='100%'><b>1</b> tests failed,
<b>0</b> skipped, <b data-tooltip='0%'>0</b> others
</small>
</div>
</div>
</div>
</div>
<div class="col-md-6">
<div class="card">
<div class="card-header">
<h6 class="card-title">Log events</h6>
</div>
<div class="card-body">
<div class="">
<canvas id='events-analysis' width='115' height='90'></canvas>
</div>
</div>
<div class="card-footer">
<div><small data-tooltip='20%'><b>1</b> events passed</small></div>
<div>
<small data-tooltip='80%'><b>4</b> events failed,
<b data-tooltip='%'>0</b> others
</small>
</div>
</div>
</div>
</div>
</div>
<div class="row"><div class="col-md-12">
<div class="card"><div class="card-header"><p>Timeline</p></div>
<div class="card-body pt-0"><div>
<canvas id="timeline" height="120"></canvas>
</div></div>
</div>
</div></div>
<script>
var timeline = {
"homePageTest":19.865
};
</script>
<div class="row">
<div class="col-lg-6 col-md-12 sysenv-container">
<div class="card">
<div class="card-header"><p>System/Environment</p></div>
<div class="card-body pb-0 pt-0"><table class="table table-sm table-bordered">
<thead><tr class="bg-gray"><th>Name</th><th>Value</th></tr></thead>
<tbody>
<tr>
<td>Organization</td>
<td>PROJECT_NAME</td>
</tr>
<tr>
<td>Employee</td>
<td><b> ABC </b> <a href='https://www.linkedin.com/in/{{}}'><i class='fa fa-linkedin-square' style='font-size:24px'></i></a> <a href='https://github.com/{{}}'><i class='fa fa-github-square' style='font-size:24px'></i></a></td>
</tr>
<tr>
<td>Domain</td>
<td>Software <i class='fa fa-laptop' style='font-size:18px'></i></td>
</tr>
<tr>
<td>Skill</td>
<td>Automation</td>
</tr>
</tbody>
</table></div>
</div>
</div>
</div>
</div>
<script>
var statusGroup = {
parentCount: 5,
passParent: 0,
failParent: 1,
warningParent: 0,
skipParent: 0,
childCount: 5,
passChild: 0,
failChild: 0,
warningChild: 0,
skipChild: 0,
infoChild: 0,
grandChildCount: 5,
passGrandChild: 0,
failGrandChild: 0,
warningGrandChild: 0,
skipGrandChild: 0,
infoGrandChild: 0,
eventsCount: 5,
passEvents: 1,
failEvents: 4,
warningEvents: 0,
skipEvents: 0,
infoEvents: 0
};
</script>        </div>
      </div>
    </div>
  </div>
<script src="https://cdn.jsdelivr.net/gh/extent-framework/extent-github-cdn@d6562a79075e061305ccfdb82f01e5e195e2d307/spark/js/spark-script.js"></script>
<script type="text/javascript"></script></body>
</html>